AH00558: apache2: Could not reliably determine the server's fully qualified domain name, using 172.18.0.3. Set the 'ServerName' directive globally to suppress this message
[Fri Aug 03 07:30:17.484386 2018] [mpm_prefork:notice] [pid 1] AH00163: Apache/2.4.25 (Debian) configured -- resuming normal operations
[Fri Aug 03 07:30:17.484433 2018] [core:notice] [pid 1] AH00094: Command line: 'apache2 -D FOREGROUND'
[Fri Aug 03 07:34:06.505487 2018] [mpm_prefork:notice] [pid 1] AH00169: caught SIGTERM, shutting down
AH00558: apache2: Could not reliably determine the server's fully qualified domain name, using 172.18.0.3. Set the 'ServerName' directive globally to suppress this message
[Fri Aug 03 07:38:43.937412 2018] [mpm_prefork:notice] [pid 1] AH00163: Apache/2.4.25 (Debian) configured -- resuming normal operations
[Fri Aug 03 07:38:43.937482 2018] [core:notice] [pid 1] AH00094: Command line: 'apache2 -D FOREGROUND'
[Fri Aug 03 07:45:48.938389 2018] [mpm_prefork:notice] [pid 1] AH00169: caught SIGTERM, shutting down
AH00558: apache2: Could not reliably determine the server's fully qualified domain name, using 172.18.0.2. Set the 'ServerName' directive globally to suppress this message
[Fri Aug 03 07:53:45.563993 2018] [mpm_prefork:notice] [pid 1] AH00163: Apache/2.4.25 (Debian) configured -- resuming normal operations
[Fri Aug 03 07:53:45.564097 2018] [core:notice] [pid 1] AH00094: Command line: 'apache2 -D FOREGROUND'
[Fri Aug 03 08:06:00.037287 2018] [php7:warn] [pid 18] [client 10.145.13.100:52088] PHP Warning:  Use of undefined constant URL_PUBLIC - assumed 'URL_PUBLIC' (this will throw an Error in a future version of PHP) in /var/www/html/index.php on line 33
[Fri Aug 03 08:06:00.037333 2018] [php7:warn] [pid 18] [client 10.145.13.100:52088] PHP Warning:  Use of undefined constant URL_PUBLIC - assumed 'URL_PUBLIC' (this will throw an Error in a future version of PHP) in /var/www/html/index.php on line 37
[Fri Aug 03 08:29:12.508476 2018] [mpm_prefork:notice] [pid 1] AH00169: caught SIGTERM, shutting down
AH00558: apache2: Could not reliably determine the server's fully qualified domain name, using 172.18.0.2. Set the 'ServerName' directive globally to suppress this message
[Fri Aug 03 08:31:42.877120 2018] [mpm_prefork:notice] [pid 1] AH00163: Apache/2.4.25 (Debian) configured -- resuming normal operations
[Fri Aug 03 08:31:42.888797 2018] [core:notice] [pid 1] AH00094: Command line: 'apache2 -D FOREGROUND'
[Fri Aug 03 08:31:55.840712 2018] [mpm_prefork:notice] [pid 1] AH00169: caught SIGTERM, shutting down
AH00558: apache2: Could not reliably determine the server's fully qualified domain name, using 172.18.0.2. Set the 'ServerName' directive globally to suppress this message
[Fri Aug 03 08:32:36.122582 2018] [mpm_prefork:notice] [pid 1] AH00163: Apache/2.4.25 (Debian) configured -- resuming normal operations
[Fri Aug 03 08:32:36.128923 2018] [core:notice] [pid 1] AH00094: Command line: 'apache2 -D FOREGROUND'
[Fri Aug 03 08:33:13.727957 2018] [mpm_prefork:notice] [pid 1] AH00169: caught SIGTERM, shutting down
AH00558: apache2: Could not reliably determine the server's fully qualified domain name, using 172.18.0.2. Set the 'ServerName' directive globally to suppress this message
[Fri Aug 03 08:38:23.839962 2018] [mpm_prefork:notice] [pid 1] AH00163: Apache/2.4.25 (Debian) configured -- resuming normal operations
[Fri Aug 03 08:38:23.840076 2018] [core:notice] [pid 1] AH00094: Command line: 'apache2 -D FOREGROUND'
[Fri Aug 03 08:39:17.699524 2018] [mpm_prefork:notice] [pid 1] AH00169: caught SIGTERM, shutting down
AH00558: apache2: Could not reliably determine the server's fully qualified domain name, using 172.18.0.2. Set the 'ServerName' directive globally to suppress this message
[Fri Aug 03 08:39:37.962199 2018] [mpm_prefork:notice] [pid 1] AH00163: Apache/2.4.25 (Debian) configured -- resuming normal operations
[Fri Aug 03 08:39:37.962276 2018] [core:notice] [pid 1] AH00094: Command line: 'apache2 -D FOREGROUND'
[Fri Aug 03 08:40:35.386582 2018] [mpm_prefork:notice] [pid 1] AH00169: caught SIGTERM, shutting down
AH00558: apache2: Could not reliably determine the server's fully qualified domain name, using 172.18.0.2. Set the 'ServerName' directive globally to suppress this message
[Fri Aug 03 08:41:03.633015 2018] [mpm_prefork:notice] [pid 1] AH00163: Apache/2.4.25 (Debian) configured -- resuming normal operations
[Fri Aug 03 08:41:03.633085 2018] [core:notice] [pid 1] AH00094: Command line: 'apache2 -D FOREGROUND'
[Fri Aug 03 08:41:18.464061 2018] [mpm_prefork:notice] [pid 1] AH00169: caught SIGTERM, shutting down
AH00558: apache2: Could not reliably determine the server's fully qualified domain name, using 172.18.0.2. Set the 'ServerName' directive globally to suppress this message
[Fri Aug 03 08:42:01.556684 2018] [mpm_prefork:notice] [pid 1] AH00163: Apache/2.4.25 (Debian) configured -- resuming normal operations
[Fri Aug 03 08:42:01.556868 2018] [core:notice] [pid 1] AH00094: Command line: 'apache2 -D FOREGROUND'
[Fri Aug 03 08:42:07.938010 2018] [mpm_prefork:notice] [pid 1] AH00169: caught SIGTERM, shutting down
AH00558: apache2: Could not reliably determine the server's fully qualified domain name, using 172.18.0.2. Set the 'ServerName' directive globally to suppress this message
[Fri Aug 03 08:42:11.381535 2018] [mpm_prefork:notice] [pid 1] AH00163: Apache/2.4.25 (Debian) configured -- resuming normal operations
[Fri Aug 03 08:42:11.381604 2018] [core:notice] [pid 1] AH00094: Command line: 'apache2 -D FOREGROUND'
[Fri Aug 03 08:42:30.993595 2018] [php7:emerg] [pid 17] [client 10.145.13.100:32772] PHP Parse error:  syntax error, unexpected ''];' (T_CONSTANT_ENCAPSED_STRING) in /var/www/html/config.php on line 26
[Fri Aug 03 08:42:33.492299 2018] [php7:emerg] [pid 16] [client 10.145.13.100:32788] PHP Parse error:  syntax error, unexpected ''];' (T_CONSTANT_ENCAPSED_STRING) in /var/www/html/config.php on line 26
[Fri Aug 03 08:44:53.161831 2018] [mpm_prefork:notice] [pid 1] AH00169: caught SIGTERM, shutting down
AH00558: apache2: Could not reliably determine the server's fully qualified domain name, using 172.20.0.2. Set the 'ServerName' directive globally to suppress this message
[Fri Aug 03 09:06:07.346834 2018] [mpm_prefork:notice] [pid 1] AH00163: Apache/2.4.25 (Debian) configured -- resuming normal operations
[Fri Aug 03 09:06:07.346965 2018] [core:notice] [pid 1] AH00094: Command line: 'apache2 -D FOREGROUND'
[Fri Aug 03 09:12:27.740892 2018] [mpm_prefork:notice] [pid 1] AH00169: caught SIGTERM, shutting down
AH00558: apache2: Could not reliably determine the server's fully qualified domain name, using 172.20.0.3. Set the 'ServerName' directive globally to suppress this message
[Fri Aug 03 09:13:33.131404 2018] [mpm_prefork:notice] [pid 1] AH00163: Apache/2.4.25 (Debian) configured -- resuming normal operations
[Fri Aug 03 09:13:33.131519 2018] [core:notice] [pid 1] AH00094: Command line: 'apache2 -D FOREGROUND'
[Fri Aug 03 09:13:42.356717 2018] [mpm_prefork:notice] [pid 1] AH00169: caught SIGTERM, shutting down
AH00558: apache2: Could not reliably determine the server's fully qualified domain name, using 172.20.0.3. Set the 'ServerName' directive globally to suppress this message
[Fri Aug 03 09:16:22.860370 2018] [mpm_prefork:notice] [pid 1] AH00163: Apache/2.4.25 (Debian) configured -- resuming normal operations
[Fri Aug 03 09:16:22.860444 2018] [core:notice] [pid 1] AH00094: Command line: 'apache2 -D FOREGROUND'
[Fri Aug 03 09:17:03.229456 2018] [mpm_prefork:notice] [pid 1] AH00169: caught SIGTERM, shutting down
AH00558: apache2: Could not reliably determine the server's fully qualified domain name, using 172.20.0.2. Set the 'ServerName' directive globally to suppress this message
[Fri Aug 03 09:18:27.644370 2018] [mpm_prefork:notice] [pid 1] AH00163: Apache/2.4.25 (Debian) configured -- resuming normal operations
[Fri Aug 03 09:18:27.644466 2018] [core:notice] [pid 1] AH00094: Command line: 'apache2 -D FOREGROUND'
[Fri Aug 03 09:18:41.963704 2018] [mpm_prefork:notice] [pid 1] AH00169: caught SIGTERM, shutting down
AH00558: apache2: Could not reliably determine the server's fully qualified domain name, using 172.20.0.3. Set the 'ServerName' directive globally to suppress this message
[Fri Aug 03 09:48:56.777811 2018] [mpm_prefork:notice] [pid 1] AH00163: Apache/2.4.25 (Debian) configured -- resuming normal operations
[Fri Aug 03 09:48:56.777945 2018] [core:notice] [pid 1] AH00094: Command line: 'apache2 -D FOREGROUND'
[Fri Aug 03 09:48:59.478088 2018] [mpm_prefork:notice] [pid 1] AH00169: caught SIGTERM, shutting down
AH00558: apache2: Could not reliably determine the server's fully qualified domain name, using 172.19.0.2. Set the 'ServerName' directive globally to suppress this message
[Fri Aug 03 10:10:10.565282 2018] [mpm_prefork:notice] [pid 1] AH00163: Apache/2.4.25 (Debian) configured -- resuming normal operations
[Fri Aug 03 10:10:10.565361 2018] [core:notice] [pid 1] AH00094: Command line: 'apache2 -D FOREGROUND'
[Fri Aug 03 10:13:50.987286 2018] [mpm_prefork:notice] [pid 1] AH00169: caught SIGTERM, shutting down
AH00558: apache2: Could not reliably determine the server's fully qualified domain name, using 172.19.0.2. Set the 'ServerName' directive globally to suppress this message
[Fri Aug 03 10:18:54.509028 2018] [mpm_prefork:notice] [pid 1] AH00163: Apache/2.4.25 (Debian) configured -- resuming normal operations
[Fri Aug 03 10:18:54.509094 2018] [core:notice] [pid 1] AH00094: Command line: 'apache2 -D FOREGROUND'
[Fri Aug 03 10:20:55.316228 2018] [mpm_prefork:notice] [pid 1] AH00169: caught SIGTERM, shutting down
AH00558: apache2: Could not reliably determine the server's fully qualified domain name, using 172.19.0.2. Set the 'ServerName' directive globally to suppress this message
[Fri Aug 03 10:21:23.531928 2018] [mpm_prefork:notice] [pid 1] AH00163: Apache/2.4.25 (Debian) configured -- resuming normal operations
[Fri Aug 03 10:21:23.532000 2018] [core:notice] [pid 1] AH00094: Command line: 'apache2 -D FOREGROUND'
[Fri Aug 03 10:21:48.383122 2018] [mpm_prefork:notice] [pid 1] AH00169: caught SIGTERM, shutting down
AH00558: apache2: Could not reliably determine the server's fully qualified domain name, using 172.19.0.2. Set the 'ServerName' directive globally to suppress this message
[Fri Aug 03 10:23:18.262214 2018] [mpm_prefork:notice] [pid 1] AH00163: Apache/2.4.25 (Debian) configured -- resuming normal operations
[Fri Aug 03 10:23:18.262291 2018] [core:notice] [pid 1] AH00094: Command line: 'apache2 -D FOREGROUND'
[Fri Aug 03 10:23:40.388688 2018] [mpm_prefork:notice] [pid 1] AH00169: caught SIGTERM, shutting down
AH00558: apache2: Could not reliably determine the server's fully qualified domain name, using 172.19.0.2. Set the 'ServerName' directive globally to suppress this message
[Fri Aug 03 10:25:23.186446 2018] [mpm_prefork:notice] [pid 1] AH00163: Apache/2.4.25 (Debian) configured -- resuming normal operations
[Fri Aug 03 10:25:23.186524 2018] [core:notice] [pid 1] AH00094: Command line: 'apache2 -D FOREGROUND'
[Fri Aug 03 10:40:43.298476 2018] [mpm_prefork:notice] [pid 1] AH00169: caught SIGTERM, shutting down
AH00558: apache2: Could not reliably determine the server's fully qualified domain name, using 172.19.0.2. Set the 'ServerName' directive globally to suppress this message
[Fri Aug 03 10:40:51.961482 2018] [mpm_prefork:notice] [pid 1] AH00163: Apache/2.4.25 (Debian) configured -- resuming normal operations
[Fri Aug 03 10:40:51.961549 2018] [core:notice] [pid 1] AH00094: Command line: 'apache2 -D FOREGROUND'
[Fri Aug 03 10:41:08.726422 2018] [mpm_prefork:notice] [pid 1] AH00169: caught SIGTERM, shutting down
AH00558: apache2: Could not reliably determine the server's fully qualified domain name, using 172.19.0.2. Set the 'ServerName' directive globally to suppress this message
[Fri Aug 03 10:41:55.933382 2018] [mpm_prefork:notice] [pid 1] AH00163: Apache/2.4.25 (Debian) configured -- resuming normal operations
[Fri Aug 03 10:41:55.933485 2018] [core:notice] [pid 1] AH00094: Command line: 'apache2 -D FOREGROUND'
[Fri Aug 03 10:42:10.669791 2018] [mpm_prefork:notice] [pid 1] AH00169: caught SIGTERM, shutting down
AH00558: apache2: Could not reliably determine the server's fully qualified domain name, using 172.19.0.2. Set the 'ServerName' directive globally to suppress this message
[Fri Aug 03 10:42:35.326181 2018] [mpm_prefork:notice] [pid 1] AH00163: Apache/2.4.25 (Debian) configured -- resuming normal operations
[Fri Aug 03 10:42:35.326294 2018] [core:notice] [pid 1] AH00094: Command line: 'apache2 -D FOREGROUND'
[Fri Aug 03 10:42:57.503643 2018] [mpm_prefork:notice] [pid 1] AH00169: caught SIGTERM, shutting down
AH00558: apache2: Could not reliably determine the server's fully qualified domain name, using 172.19.0.2. Set the 'ServerName' directive globally to suppress this message
[Fri Aug 03 10:43:33.169400 2018] [mpm_prefork:notice] [pid 1] AH00163: Apache/2.4.25 (Debian) configured -- resuming normal operations
[Fri Aug 03 10:43:33.169514 2018] [core:notice] [pid 1] AH00094: Command line: 'apache2 -D FOREGROUND'
[Fri Aug 03 10:44:02.394406 2018] [mpm_prefork:notice] [pid 1] AH00169: caught SIGTERM, shutting down
AH00558: apache2: Could not reliably determine the server's fully qualified domain name, using 172.19.0.2. Set the 'ServerName' directive globally to suppress this message
[Fri Aug 03 10:45:18.648099 2018] [mpm_prefork:notice] [pid 1] AH00163: Apache/2.4.25 (Debian) configured -- resuming normal operations
[Fri Aug 03 10:45:18.648188 2018] [core:notice] [pid 1] AH00094: Command line: 'apache2 -D FOREGROUND'
[Fri Aug 03 10:45:40.908655 2018] [mpm_prefork:notice] [pid 1] AH00169: caught SIGTERM, shutting down
AH00558: apache2: Could not reliably determine the server's fully qualified domain name, using 172.19.0.2. Set the 'ServerName' directive globally to suppress this message
[Fri Aug 03 10:45:55.135419 2018] [mpm_prefork:notice] [pid 1] AH00163: Apache/2.4.25 (Debian) configured -- resuming normal operations
[Fri Aug 03 10:45:55.135509 2018] [core:notice] [pid 1] AH00094: Command line: 'apache2 -D FOREGROUND'
[Fri Aug 03 10:46:30.869293 2018] [mpm_prefork:notice] [pid 1] AH00169: caught SIGTERM, shutting down
AH00558: apache2: Could not reliably determine the server's fully qualified domain name, using 172.19.0.2. Set the 'ServerName' directive globally to suppress this message
[Fri Aug 03 10:46:46.896869 2018] [mpm_prefork:notice] [pid 1] AH00163: Apache/2.4.25 (Debian) configured -- resuming normal operations
[Fri Aug 03 10:46:46.896962 2018] [core:notice] [pid 1] AH00094: Command line: 'apache2 -D FOREGROUND'
[Fri Aug 03 10:47:08.235815 2018] [mpm_prefork:notice] [pid 1] AH00169: caught SIGTERM, shutting down
AH00558: apache2: Could not reliably determine the server's fully qualified domain name, using 172.19.0.2. Set the 'ServerName' directive globally to suppress this message
[Fri Aug 03 10:47:23.382688 2018] [mpm_prefork:notice] [pid 1] AH00163: Apache/2.4.25 (Debian) configured -- resuming normal operations
[Fri Aug 03 10:47:23.382763 2018] [core:notice] [pid 1] AH00094: Command line: 'apache2 -D FOREGROUND'
[Fri Aug 03 10:47:45.650497 2018] [mpm_prefork:notice] [pid 1] AH00169: caught SIGTERM, shutting down
AH00558: apache2: Could not reliably determine the server's fully qualified domain name, using 172.19.0.2. Set the 'ServerName' directive globally to suppress this message
[Fri Aug 03 10:48:30.374078 2018] [mpm_prefork:notice] [pid 1] AH00163: Apache/2.4.25 (Debian) configured -- resuming normal operations
[Fri Aug 03 10:48:30.374146 2018] [core:notice] [pid 1] AH00094: Command line: 'apache2 -D FOREGROUND'
[Fri Aug 03 10:48:40.102762 2018] [mpm_prefork:notice] [pid 1] AH00169: caught SIGTERM, shutting down
AH00558: apache2: Could not reliably determine the server's fully qualified domain name, using 172.19.0.2. Set the 'ServerName' directive globally to suppress this message
[Fri Aug 03 10:49:15.950961 2018] [mpm_prefork:notice] [pid 1] AH00163: Apache/2.4.25 (Debian) configured -- resuming normal operations
[Fri Aug 03 10:49:15.951034 2018] [core:notice] [pid 1] AH00094: Command line: 'apache2 -D FOREGROUND'
[Fri Aug 03 10:49:20.435921 2018] [mpm_prefork:notice] [pid 1] AH00169: caught SIGTERM, shutting down
AH00558: apache2: Could not reliably determine the server's fully qualified domain name, using 172.19.0.2. Set the 'ServerName' directive globally to suppress this message
[Fri Aug 03 10:49:30.588597 2018] [mpm_prefork:notice] [pid 1] AH00163: Apache/2.4.25 (Debian) configured -- resuming normal operations
[Fri Aug 03 10:49:30.588693 2018] [core:notice] [pid 1] AH00094: Command line: 'apache2 -D FOREGROUND'
[Fri Aug 03 10:49:46.301737 2018] [mpm_prefork:notice] [pid 1] AH00169: caught SIGTERM, shutting down
AH00558: apache2: Could not reliably determine the server's fully qualified domain name, using 172.19.0.2. Set the 'ServerName' directive globally to suppress this message
[Fri Aug 03 10:52:19.764276 2018] [mpm_prefork:notice] [pid 1] AH00163: Apache/2.4.25 (Debian) configured -- resuming normal operations
[Fri Aug 03 10:52:19.764376 2018] [core:notice] [pid 1] AH00094: Command line: 'apache2 -D FOREGROUND'
[Fri Aug 03 10:52:48.060229 2018] [mpm_prefork:notice] [pid 1] AH00169: caught SIGTERM, shutting down
AH00558: apache2: Could not reliably determine the server's fully qualified domain name, using 172.19.0.2. Set the 'ServerName' directive globally to suppress this message
[Fri Aug 03 10:52:50.934740 2018] [mpm_prefork:notice] [pid 1] AH00163: Apache/2.4.25 (Debian) configured -- resuming normal operations
[Fri Aug 03 10:52:50.934808 2018] [core:notice] [pid 1] AH00094: Command line: 'apache2 -D FOREGROUND'
[Fri Aug 03 10:53:09.170637 2018] [mpm_prefork:notice] [pid 1] AH00169: caught SIGTERM, shutting down
AH00558: apache2: Could not reliably determine the server's fully qualified domain name, using 172.19.0.2. Set the 'ServerName' directive globally to suppress this message
[Fri Aug 03 10:53:27.447299 2018] [mpm_prefork:notice] [pid 1] AH00163: Apache/2.4.25 (Debian) configured -- resuming normal operations
[Fri Aug 03 10:53:27.447372 2018] [core:notice] [pid 1] AH00094: Command line: 'apache2 -D FOREGROUND'
[Fri Aug 03 10:53:37.124515 2018] [mpm_prefork:notice] [pid 1] AH00169: caught SIGTERM, shutting down
AH00558: apache2: Could not reliably determine the server's fully qualified domain name, using 172.19.0.2. Set the 'ServerName' directive globally to suppress this message
[Fri Aug 03 10:54:00.215019 2018] [mpm_prefork:notice] [pid 1] AH00163: Apache/2.4.25 (Debian) configured -- resuming normal operations
[Fri Aug 03 10:54:00.215088 2018] [core:notice] [pid 1] AH00094: Command line: 'apache2 -D FOREGROUND'
[Fri Aug 03 10:54:20.301508 2018] [mpm_prefork:notice] [pid 1] AH00169: caught SIGTERM, shutting down
AH00558: apache2: Could not reliably determine the server's fully qualified domain name, using 172.19.0.2. Set the 'ServerName' directive globally to suppress this message
[Fri Aug 03 10:54:44.674729 2018] [mpm_prefork:notice] [pid 1] AH00163: Apache/2.4.25 (Debian) configured -- resuming normal operations
[Fri Aug 03 10:54:44.674815 2018] [core:notice] [pid 1] AH00094: Command line: 'apache2 -D FOREGROUND'
[Fri Aug 03 10:54:49.848430 2018] [mpm_prefork:notice] [pid 1] AH00169: caught SIGTERM, shutting down
AH00558: apache2: Could not reliably determine the server's fully qualified domain name, using 172.19.0.2. Set the 'ServerName' directive globally to suppress this message
[Fri Aug 03 10:55:43.809807 2018] [mpm_prefork:notice] [pid 1] AH00163: Apache/2.4.25 (Debian) configured -- resuming normal operations
[Fri Aug 03 10:55:43.809886 2018] [core:notice] [pid 1] AH00094: Command line: 'apache2 -D FOREGROUND'
[Fri Aug 03 10:55:56.299044 2018] [mpm_prefork:notice] [pid 1] AH00169: caught SIGTERM, shutting down
AH00558: apache2: Could not reliably determine the server's fully qualified domain name, using 172.19.0.2. Set the 'ServerName' directive globally to suppress this message
[Fri Aug 03 10:57:00.099755 2018] [mpm_prefork:notice] [pid 1] AH00163: Apache/2.4.25 (Debian) configured -- resuming normal operations
[Fri Aug 03 10:57:00.099829 2018] [core:notice] [pid 1] AH00094: Command line: 'apache2 -D FOREGROUND'
[Fri Aug 03 10:57:08.608791 2018] [mpm_prefork:notice] [pid 1] AH00169: caught SIGTERM, shutting down
AH00558: apache2: Could not reliably determine the server's fully qualified domain name, using 172.19.0.2. Set the 'ServerName' directive globally to suppress this message
[Fri Aug 03 10:57:27.058107 2018] [mpm_prefork:notice] [pid 1] AH00163: Apache/2.4.25 (Debian) configured -- resuming normal operations
[Fri Aug 03 10:57:27.058189 2018] [core:notice] [pid 1] AH00094: Command line: 'apache2 -D FOREGROUND'
[Fri Aug 03 10:57:32.471513 2018] [mpm_prefork:notice] [pid 1] AH00169: caught SIGTERM, shutting down
AH00558: apache2: Could not reliably determine the server's fully qualified domain name, using 172.19.0.2. Set the 'ServerName' directive globally to suppress this message
[Fri Aug 03 10:58:27.948444 2018] [mpm_prefork:notice] [pid 1] AH00163: Apache/2.4.25 (Debian) configured -- resuming normal operations
[Fri Aug 03 10:58:27.948542 2018] [core:notice] [pid 1] AH00094: Command line: 'apache2 -D FOREGROUND'
[Fri Aug 03 10:58:42.053250 2018] [mpm_prefork:notice] [pid 1] AH00169: caught SIGTERM, shutting down
AH00558: apache2: Could not reliably determine the server's fully qualified domain name, using 172.21.0.2. Set the 'ServerName' directive globally to suppress this message
[Fri Aug 03 10:59:37.009166 2018] [mpm_prefork:notice] [pid 1] AH00163: Apache/2.4.25 (Debian) configured -- resuming normal operations
[Fri Aug 03 10:59:37.009244 2018] [core:notice] [pid 1] AH00094: Command line: 'apache2 -D FOREGROUND'
[Fri Aug 03 11:03:23.045064 2018] [mpm_prefork:notice] [pid 1] AH00169: caught SIGTERM, shutting down
AH00558: apache2: Could not reliably determine the server's fully qualified domain name, using 172.21.0.2. Set the 'ServerName' directive globally to suppress this message
[Fri Aug 03 11:03:25.998278 2018] [mpm_prefork:notice] [pid 1] AH00163: Apache/2.4.25 (Debian) configured -- resuming normal operations
[Fri Aug 03 11:03:25.998363 2018] [core:notice] [pid 1] AH00094: Command line: 'apache2 -D FOREGROUND'
[Fri Aug 03 11:04:13.988435 2018] [mpm_prefork:notice] [pid 1] AH00169: caught SIGTERM, shutting down
AH00558: apache2: Could not reliably determine the server's fully qualified domain name, using 172.21.0.2. Set the 'ServerName' directive globally to suppress this message
[Fri Aug 03 11:04:47.642850 2018] [mpm_prefork:notice] [pid 1] AH00163: Apache/2.4.25 (Debian) configured -- resuming normal operations
[Fri Aug 03 11:04:47.642925 2018] [core:notice] [pid 1] AH00094: Command line: 'apache2 -D FOREGROUND'
[Fri Aug 03 11:05:39.682821 2018] [mpm_prefork:notice] [pid 1] AH00169: caught SIGTERM, shutting down
AH00558: apache2: Could not reliably determine the server's fully qualified domain name, using 172.21.0.2. Set the 'ServerName' directive globally to suppress this message
[Fri Aug 03 11:09:34.593136 2018] [mpm_prefork:notice] [pid 1] AH00163: Apache/2.4.25 (Debian) configured -- resuming normal operations
[Fri Aug 03 11:09:34.593224 2018] [core:notice] [pid 1] AH00094: Command line: 'apache2 -D FOREGROUND'
[Fri Aug 03 11:09:50.325973 2018] [mpm_prefork:notice] [pid 1] AH00169: caught SIGTERM, shutting down
AH00558: apache2: Could not reliably determine the server's fully qualified domain name, using 172.21.0.2. Set the 'ServerName' directive globally to suppress this message
[Fri Aug 03 11:10:01.924572 2018] [mpm_prefork:notice] [pid 1] AH00163: Apache/2.4.25 (Debian) configured -- resuming normal operations
[Fri Aug 03 11:10:01.924657 2018] [core:notice] [pid 1] AH00094: Command line: 'apache2 -D FOREGROUND'
[Fri Aug 03 11:10:11.476940 2018] [mpm_prefork:notice] [pid 1] AH00169: caught SIGTERM, shutting down
AH00558: apache2: Could not reliably determine the server's fully qualified domain name, using 172.21.0.2. Set the 'ServerName' directive globally to suppress this message
[Fri Aug 03 11:10:24.604501 2018] [mpm_prefork:notice] [pid 1] AH00163: Apache/2.4.25 (Debian) configured -- resuming normal operations
[Fri Aug 03 11:10:24.604592 2018] [core:notice] [pid 1] AH00094: Command line: 'apache2 -D FOREGROUND'
[Fri Aug 03 11:10:45.654305 2018] [mpm_prefork:notice] [pid 1] AH00169: caught SIGTERM, shutting down
AH00558: apache2: Could not reliably determine the server's fully qualified domain name, using 172.21.0.2. Set the 'ServerName' directive globally to suppress this message
[Fri Aug 03 11:10:56.718162 2018] [mpm_prefork:notice] [pid 1] AH00163: Apache/2.4.25 (Debian) configured -- resuming normal operations
[Fri Aug 03 11:10:56.718248 2018] [core:notice] [pid 1] AH00094: Command line: 'apache2 -D FOREGROUND'
[Fri Aug 03 11:11:41.316061 2018] [mpm_prefork:notice] [pid 1] AH00169: caught SIGTERM, shutting down
AH00558: apache2: Could not reliably determine the server's fully qualified domain name, using 172.21.0.2. Set the 'ServerName' directive globally to suppress this message
[Fri Aug 03 11:12:04.804318 2018] [mpm_prefork:notice] [pid 1] AH00163: Apache/2.4.25 (Debian) configured -- resuming normal operations
[Fri Aug 03 11:12:04.804395 2018] [core:notice] [pid 1] AH00094: Command line: 'apache2 -D FOREGROUND'
[Fri Aug 03 11:12:15.233602 2018] [mpm_prefork:notice] [pid 1] AH00169: caught SIGTERM, shutting down
AH00558: apache2: Could not reliably determine the server's fully qualified domain name, using 172.21.0.2. Set the 'ServerName' directive globally to suppress this message
[Fri Aug 03 11:12:25.605566 2018] [mpm_prefork:notice] [pid 1] AH00163: Apache/2.4.25 (Debian) configured -- resuming normal operations
[Fri Aug 03 11:12:25.605718 2018] [core:notice] [pid 1] AH00094: Command line: 'apache2 -D FOREGROUND'
[Fri Aug 03 11:12:54.290324 2018] [mpm_prefork:notice] [pid 1] AH00169: caught SIGTERM, shutting down
AH00558: apache2: Could not reliably determine the server's fully qualified domain name, using 172.21.0.2. Set the 'ServerName' directive globally to suppress this message
[Fri Aug 03 11:13:19.663101 2018] [mpm_prefork:notice] [pid 1] AH00163: Apache/2.4.25 (Debian) configured -- resuming normal operations
[Fri Aug 03 11:13:19.663188 2018] [core:notice] [pid 1] AH00094: Command line: 'apache2 -D FOREGROUND'
[Fri Aug 03 11:13:27.669648 2018] [mpm_prefork:notice] [pid 1] AH00169: caught SIGTERM, shutting down
AH00558: apache2: Could not reliably determine the server's fully qualified domain name, using 172.21.0.2. Set the 'ServerName' directive globally to suppress this message
[Fri Aug 03 11:14:21.184083 2018] [mpm_prefork:notice] [pid 1] AH00163: Apache/2.4.25 (Debian) configured -- resuming normal operations
[Fri Aug 03 11:14:21.184151 2018] [core:notice] [pid 1] AH00094: Command line: 'apache2 -D FOREGROUND'
[Fri Aug 03 11:18:43.326807 2018] [mpm_prefork:notice] [pid 1] AH00169: caught SIGTERM, shutting down
AH00558: apache2: Could not reliably determine the server's fully qualified domain name, using 172.21.0.2. Set the 'ServerName' directive globally to suppress this message
[Fri Aug 03 11:19:37.546730 2018] [mpm_prefork:notice] [pid 1] AH00163: Apache/2.4.25 (Debian) configured -- resuming normal operations
[Fri Aug 03 11:19:37.546810 2018] [core:notice] [pid 1] AH00094: Command line: 'apache2 -D FOREGROUND'
[Fri Aug 03 11:19:46.863725 2018] [mpm_prefork:notice] [pid 1] AH00169: caught SIGTERM, shutting down
AH00558: apache2: Could not reliably determine the server's fully qualified domain name, using 172.21.0.3. Set the 'ServerName' directive globally to suppress this message
[Fri Aug 03 11:21:41.055147 2018] [mpm_prefork:notice] [pid 1] AH00163: Apache/2.4.25 (Debian) configured -- resuming normal operations
[Fri Aug 03 11:21:41.055226 2018] [core:notice] [pid 1] AH00094: Command line: 'apache2 -D FOREGROUND'
[Fri Aug 03 11:22:08.200999 2018] [mpm_prefork:notice] [pid 1] AH00169: caught SIGTERM, shutting down
